/usr/local/lib/python3.10/dist-packages/rasa/core/tracker_store.py:1048: MovedIn20Warning: Deprecated API features detected! These feature(s) are not compatible with SQLAlchemy 2.0. To prevent incompatible upgrades prior to updating applications, ensure requirements files are pinned to "sqlalchemy<2.0". Set environment variable SQLALCHEMY_WARN_20=1 to show all deprecation warnings.  Set environment variable SQLALCHEMY_SILENCE_UBER_WARNING=1 to silence this message. (Background on SQLAlchemy 2.0 at: https://sqlalche.me/e/b8d9)
  Base: DeclarativeMeta = declarative_base()
/usr/local/lib/python3.10/dist-packages/rasa/shared/utils/validation.py:131: UserWarning: pkg_resources is deprecated as an API. See https://setuptools.pypa.io/en/latest/pkg_resources.html. The pkg_resources package is slated for removal as early as 2025-11-30. Refrain from using this package or pin to Setuptools<81.
  import pkg_resources
/usr/local/lib/python3.10/dist-packages/pkg_resources/__init__.py:3146: DeprecationWarning: Deprecated call to `pkg_resources.declare_namespace('mpl_toolkits')`.
Implementing implicit namespace packages (as specified in PEP 420) is preferred to `pkg_resources.declare_namespace`. See https://setuptools.pypa.io/en/latest/references/keywords.html#keyword-namespace-packages
  declare_namespace(pkg)
/usr/local/lib/python3.10/dist-packages/pkg_resources/__init__.py:3146: DeprecationWarning: Deprecated call to `pkg_resources.declare_namespace('google')`.
Implementing implicit namespace packages (as specified in PEP 420) is preferred to `pkg_resources.declare_namespace`. See https://setuptools.pypa.io/en/latest/references/keywords.html#keyword-namespace-packages
  declare_namespace(pkg)
/usr/local/lib/python3.10/dist-packages/sanic_cors/extension.py:39: DeprecationWarning: distutils Version classes are deprecated. Use packaging.version instead.
  SANIC_VERSION = LooseVersion(sanic_version)
2025-10-01 07:23:09 INFO     rasa_sdk.endpoint  - Starting action endpoint server...
2025-10-01 07:23:09 INFO     rasa_sdk.executor  - Registered function for 'action_submit_feedback'.
2025-10-01 07:23:09 INFO     rasa_sdk.executor  - Registered function for 'action_get_risk'.
2025-10-01 07:23:09 INFO     rasa_sdk.endpoint  - Action endpoint is up and running on http://0.0.0.0:5055
Unable to start server
Traceback (most recent call last):
  File "/usr/local/lib/python3.10/dist-packages/sanic/server/runners.py", line 133, in serve
    http_server = loop.run_until_complete(server_coroutine)
  File "uvloop/loop.pyx", line 1518, in uvloop.loop.Loop.run_until_complete
  File "uvloop/loop.pyx", line 1794, in create_server
OSError: [Errno 98] error while attempting to bind on address ('0.0.0.0', 5055): address already in use
